Determining if the pthread_create exist failed with the following output:
Change Dir: /home/john/Documents/School/CSE559/portrait_mode/cmake-build-debug/CMakeFiles/CMakeTmp

Run Build Command(s):/usr/bin/make cmTC_da61f/fast 
/usr/bin/make -f CMakeFiles/cmTC_da61f.dir/build.make CMakeFiles/cmTC_da61f.dir/build
make[1]: Entering directory '/home/john/Documents/School/CSE559/portrait_mode/cmake-build-debug/CMakeFiles/CMakeTmp'
Building C object CMakeFiles/cmTC_da61f.dir/CheckSymbolExists.c.o
/usr/bin/cc    -o CMakeFiles/cmTC_da61f.dir/CheckSymbolExists.c.o   -c /home/john/Documents/School/CSE559/portrait_mode/cmake-build-debug/CMakeFiles/CMakeTmp/CheckSymbolExists.c
Linking C executable cmTC_da61f
/home/john/Downloads/clion-2019.1.4/bin/cmake/linux/bin/cmake -E cmake_link_script CMakeFiles/cmTC_da61f.dir/link.txt --verbose=1
/usr/bin/cc      CMakeFiles/cmTC_da61f.dir/CheckSymbolExists.c.o  -o cmTC_da61f 
CMakeFiles/cmTC_da61f.dir/CheckSymbolExists.c.o: In function `main':
CheckSymbolExists.c:(.text+0x1b): undefined reference to `pthread_create'
collect2: error: ld returned 1 exit status
CMakeFiles/cmTC_da61f.dir/build.make:86: recipe for target 'cmTC_da61f' failed
make[1]: *** [cmTC_da61f] Error 1
make[1]: Leaving directory '/home/john/Documents/School/CSE559/portrait_mode/cmake-build-debug/CMakeFiles/CMakeTmp'
Makefile:121: recipe for target 'cmTC_da61f/fast' failed
make: *** [cmTC_da61f/fast] Error 2

File /home/john/Documents/School/CSE559/portrait_mode/cmake-build-debug/CMakeFiles/CMakeTmp/CheckSymbolExists.c:
/* */
#include <pthread.h>

int main(int argc, char** argv)
{
  (void)argv;
#ifndef pthread_create
  return ((int*)(&pthread_create))[argc];
#else
  (void)argc;
  return 0;
#endif
}

Determining if the function pthread_create exists in the pthreads failed with the following output:
Change Dir: /home/john/Documents/School/CSE559/portrait_mode/cmake-build-debug/CMakeFiles/CMakeTmp

Run Build Command(s):/usr/bin/make cmTC_e020f/fast 
/usr/bin/make -f CMakeFiles/cmTC_e020f.dir/build.make CMakeFiles/cmTC_e020f.dir/build
make[1]: Entering directory '/home/john/Documents/School/CSE559/portrait_mode/cmake-build-debug/CMakeFiles/CMakeTmp'
Building C object CMakeFiles/cmTC_e020f.dir/CheckFunctionExists.c.o
/usr/bin/cc   -DCHECK_FUNCTION_EXISTS=pthread_create   -o CMakeFiles/cmTC_e020f.dir/CheckFunctionExists.c.o   -c /home/john/Downloads/clion-2019.1.4/bin/cmake/linux/share/cmake-3.14/Modules/CheckFunctionExists.c
Linking C executable cmTC_e020f
/home/john/Downloads/clion-2019.1.4/bin/cmake/linux/bin/cmake -E cmake_link_script CMakeFiles/cmTC_e020f.dir/link.txt --verbose=1
/usr/bin/cc  -DCHECK_FUNCTION_EXISTS=pthread_create    CMakeFiles/cmTC_e020f.dir/CheckFunctionExists.c.o  -o cmTC_e020f -lpthreads 
/usr/bin/ld: cannot find -lpthreads
collect2: error: ld returned 1 exit status
CMakeFiles/cmTC_e020f.dir/build.make:86: recipe for target 'cmTC_e020f' failed
make[1]: *** [cmTC_e020f] Error 1
make[1]: Leaving directory '/home/john/Documents/School/CSE559/portrait_mode/cmake-build-debug/CMakeFiles/CMakeTmp'
Makefile:121: recipe for target 'cmTC_e020f/fast' failed
make: *** [cmTC_e020f/fast] Error 2


